12:44:10 **** Incremental Build of configuration Nios II for project NIOS_Project ****
wsl make all 
Info: Building /mnt/c/Users/guan-ming.dennis-won/Documents/Code/SPI_4_Wire_Serial_Intel_FPGA_IP/software/NIOS_Project_bsp/
make --no-print-directory -C /mnt/c/Users/guan-ming.dennis-won/Documents/Code/SPI_4_Wire_Serial_Intel_FPGA_IP/software/NIOS_Project_bsp/
[BSP build complete]
Info: Linking NIOS_Project.elf
nios2-elf-g++.exe  -T'c:/Users/guan-ming.dennis-won/Documents/Code/SPI_4_Wire_Serial_Intel_FPGA_IP/software/NIOS_Project_bsp//linker.x' -msys-crt0='c:/Users/guan-ming.dennis-won/Documents/Code/SPI_4_Wire_Serial_Intel_FPGA_IP/software/NIOS_Project_bsp//obj/HAL/src/crt0.o' -msys-lib=hal_bsp -Lc:/Users/guan-ming.dennis-won/Documents/Code/SPI_4_Wire_Serial_Intel_FPGA_IP/software/NIOS_Project_bsp/   -Wl,-Map=NIOS_Project.map   -O0 -g -Wall   -mno-hw-div -mno-hw-div -mno-hw-mul -mno-hw-mulx -mgpopt=global  -o NIOS_Project.elf obj/default/hello_world.o obj/default/imported_source/ViCAT_LSC.o obj/default/imported_source/ax58100_hw.o obj/default/imported_source/bootmode.o obj/default/imported_source/coeappl.o obj/default/imported_source/ecatappl.o obj/default/imported_source/ecatcoe.o obj/default/imported_source/ecatfoe.o obj/default/imported_source/ecatslv.o obj/default/imported_source/foeappl.o obj/default/imported_source/mailbox.o obj/default/imported_source/objdef.o obj/default/imported_source/sdoserv.o obj/default/peripheral/peripheral_linker.o -lm -msys-lib=m
c:/intelfpga_lite/23.1std/nios2eds/bin/gnu/h-x86_64-mingw32/bin/../lib/gcc/nios2-elf/12.3.1/../../../../../H-x86_64-mingw32/nios2-elf/bin/ld.exe: address 0x353d4 of NIOS_Project.elf section `.bss' is not within region `RAM'
c:/intelfpga_lite/23.1std/nios2eds/bin/gnu/h-x86_64-mingw32/bin/../lib/gcc/nios2-elf/12.3.1/../../../../../H-x86_64-mingw32/nios2-elf/bin/ld.exe: address 0x353d4 of NIOS_Project.elf section `.bss' is not within region `RAM'
collect2.exe: error: ld returned 1 exit status
make: *** [NIOS_Project.elf] Error 1
Makefile:1027: recipe for target 'NIOS_Project.elf' failed

12:44:11 Build Finished (took 1s.108ms)

